<?xml version="1.0" encoding="UTF-8"?>
<!-- Generated by org.testng.reporters.JUnitReportReporter -->
<testsuite hostname="LAPTOP-ODQES7GD" name="com.framework.test.SampleTest" tests="1" failures="0" timestamp="10 Oct 2018 07:53:54 GMT" time="50.884" errors="0">
  <testcase name="testCase1" time="50.884" classname="com.framework.test.SampleTest"/>
</testsuite> <!-- com.framework.test.SampleTest -->
